UniDream Training | BTCUSDT 15m | 2018-01-01 → 2024-01-01
Device: cuda | Seed: 11 | Resume: True
Stages: test -> test
Costs: profile=default | spread=3.00bps fee=3.00bps slip=1.00bps => one-way Δpos=1 cost=5.50bps

[Data] Loading cached features...
  Cached: (208305, 17) | obs_dim=17
[Data] WFO splits...
  14 folds
  Running selected folds only: [4, 5, 6]

============================================================
Fold 4: train 2019-01-16 → 2021-01-16 | test 2021-04-16 → 2021-07-16
============================================================

[01:48:31] [Step 1] Hindsight Oracle DP...
  Oracle computed: 69973 steps, mean value=39.6874
  Oracle objective: excess_bh (benchmark=+1.00)
  Oracle dist: long=50% short=50% flat=0% mean=-0.374 switches=1071 avg_hold=65.3b turnover=1338.75
  Signal teacher: horizons=(4, 16, 64) floor=+0.00 scale=1.20
  Transition route labels: neutral=57% de_risk=28% recovery=2% overweight=13% active=42.9% mean_adv=0.001550 top_decile_adv=0.009145
  Transition relabel: short=26% bench=52% ow=22% mean_adv=0.001652 recovery_rate=50.3%
  Oracle aim dist: long=24% short=30% flat=46% mean=-0.029 switches=21458 avg_hold=3.3b turnover=2024.68
[Regime] Feature-stress tri regime built, regime_dim=3

[01:48:36] [Step 2] World Model - loading checkpoint: checkpoints/acplan13_wm_control_headonly_s011\fold_4\world_model.pt
[WM] Checkpoint loaded: checkpoints/acplan13_wm_control_headonly_s011\fold_4\world_model.pt (step=2300)
[01:48:46] [PredictiveState] enabled: dim=25 heads=return,vol,drawdown,overweight_advantage,recovery standardize=True scale=0.25

[01:48:46] [Step 3] BC - loading checkpoint: checkpoints/acplan13_wm_control_headonly_s011\fold_4\bc_actor.pt
[AC] Actor optimizer state skipped while loading checkpoints/acplan13_wm_control_headonly_s011\fold_4\ac.pt: loaded state dict contains a parameter group that doesn't match the size of optimizer's group

[01:48:46] [Step 4] AC - loaded checkpoint for downstream test
  [ValAdj] scale=0.500 adv=0.00 alpha=+10.96pt sharpeΔ=+0.006 maxddΔ=-0.14pt barwin=7.1% periodwin=100.0% score=17.465 long=1% short=0% flat=99% turnover=2.21 M2=miss
  [ValAdj] selected scale=0.500 adv=0.00 (default=scale=1.000 adv=0.00) alpha=+10.96pt sharpeΔ=+0.006 maxddΔ=-0.14pt barwin=7.1% periodwin=100.0% score=17.465 long=1% short=0% flat=99% turnover=2.21 M2=miss

[01:49:30] [Step 5] Test Backtest...
  Route dist: neutral=100% de_risk=0% overweight=0% active=0.3% conf=0.583
  Recovery gate: mean=0.222 active=0.0%
  Sharpe:   -2.355
  Sortino:  -3.096
  MaxDD:    -0.532
  Calmar:   -3.598
  TotalRet: -0.4762
  AlphaEx:  +0.13 pt/yr
  SharpeΔ:  +0.029
  MaxDDΔ:   +0.04 pt
  WinRate:  9.4%
  PeriodWin:66.7%
  Capture:  up=1.004 down=1.004 under_streak=350
  Score:    M2=MISS stretch=miss alpha=+0.13pt sharpeΔ=+0.029 maxddΔ=+0.04pt barwin=9.4% periodwin=66.7% guard=pass
  Component attribution:
    neither: alpha=+0.34pt sharpeD=+0.001 maxddD=-0.61pt turnover=0.88 long=0% short=0% flat=100%
    adapter_only: alpha=+0.34pt sharpeD=+0.035 maxddD=-0.24pt turnover=4.57 long=2% short=0% flat=98%
    floor_only: alpha=+0.00pt sharpeD=+0.000 maxddD=-0.00pt turnover=0.10 long=0% short=0% flat=100%
    gate_off: alpha=-0.64pt sharpeD=-0.080 maxddD=+0.77pt turnover=32.79 long=3% short=0% flat=97%
    current: alpha=+0.13pt sharpeD=+0.029 maxddD=+0.04pt turnover=3.42 long=2% short=0% flat=98%
    effects: floor_effect=90.2%/+0.015/pnl=-0.0071 adapter_effect=12.2%/0.023/pnl=+0.0048 adv_gate_effect=22.3%/0.020/pnl=+0.0207
    adapter_detail: fire=12.2% mean_delta=+0.0234 positive=97.3% long_state=19.9% fire_pnl=+0.0501 nonfire_pnl=-0.6966
  PnL attr: long=-0.6441  short=+0.0000  cost=0.0024  net=-0.6466
  Test dist: long=2% short=0% flat=98% mean=+0.003 switches=68 avg_hold=128.1b turnover=3.42

============================================================
Fold 5: train 2019-04-16 → 2021-04-16 | test 2021-07-16 → 2021-10-16
============================================================

[01:54:25] [Step 1] Hindsight Oracle DP...
  Oracle computed: 69982 steps, mean value=45.3379
  Oracle objective: excess_bh (benchmark=+1.00)
  Oracle dist: long=50% short=50% flat=0% mean=-0.374 switches=1071 avg_hold=65.3b turnover=1338.75
  Signal teacher: horizons=(4, 16, 64) floor=+0.00 scale=1.20
  Transition route labels: neutral=54% de_risk=29% recovery=2% overweight=15% active=46.1% mean_adv=0.001761 top_decile_adv=0.009860
  Transition relabel: short=27% bench=49% ow=24% mean_adv=0.001870 recovery_rate=49.1%
  Oracle aim dist: long=26% short=31% flat=42% mean=-0.029 switches=22236 avg_hold=3.1b turnover=2110.60
[Regime] Feature-stress tri regime built, regime_dim=3

[01:54:29] [Step 2] World Model - loading checkpoint: checkpoints/acplan13_wm_control_headonly_s011\fold_5\world_model.pt
[WM] Checkpoint loaded: checkpoints/acplan13_wm_control_headonly_s011\fold_5\world_model.pt (step=2300)
[01:54:38] [PredictiveState] enabled: dim=25 heads=return,vol,drawdown,overweight_advantage,recovery standardize=True scale=0.25

[01:54:38] [Step 3] BC - loading checkpoint: checkpoints/acplan13_wm_control_headonly_s011\fold_5\bc_actor.pt
[AC] Actor optimizer state skipped while loading checkpoints/acplan13_wm_control_headonly_s011\fold_5\ac.pt: loaded state dict contains a parameter group that doesn't match the size of optimizer's group

[01:54:38] [Step 4] AC - loaded checkpoint for downstream test
  [ValAdj] scale=0.500 adv=0.00 alpha=+0.06pt sharpeΔ=+0.044 maxddΔ=+0.08pt barwin=8.1% periodwin=66.7% score=-31.985 long=1% short=0% flat=99% turnover=2.96 M2=miss
  [ValAdj] selected scale=0.500 adv=0.00 (default=scale=1.000 adv=0.00) alpha=+0.06pt sharpeΔ=+0.044 maxddΔ=+0.08pt barwin=8.1% periodwin=66.7% score=-31.985 long=1% short=0% flat=99% turnover=2.96 M2=miss

[01:55:24] [Step 5] Test Backtest...
  Route dist: neutral=99% de_risk=1% overweight=0% active=1.3% conf=0.532
  Recovery gate: mean=0.219 active=0.1%
  Sharpe:   3.774
  Sortino:  5.195
  MaxDD:    -0.239
  Calmar:   15.196
  TotalRet: 0.9147
  AlphaEx:  -8.06 pt/yr
  SharpeΔ:  -0.026
  MaxDDΔ:   +0.36 pt
  WinRate:  3.3%
  PeriodWin:75.0%
  Capture:  up=1.002 down=1.003 under_streak=2806
  Score:    M2=MISS stretch=miss alpha=-8.06pt sharpeΔ=-0.026 maxddΔ=+0.36pt barwin=3.3% periodwin=75.0% guard=pass
  Component attribution:
    neither: alpha=-101.13pt sharpeD=-0.005 maxddD=-0.57pt turnover=0.73 long=0% short=0% flat=100%
    adapter_only: alpha=-91.71pt sharpeD=-0.036 maxddD=+0.10pt turnover=2.24 long=1% short=0% flat=99%
    floor_only: alpha=+0.00pt sharpeD=+0.000 maxddD=+0.00pt turnover=0.00 long=0% short=0% flat=100%
    gate_off: alpha=-272.60pt sharpeD=-0.428 maxddD=+1.68pt turnover=146.43 long=3% short=0% flat=97%
    current: alpha=-8.06pt sharpeD=-0.026 maxddD=+0.36pt turnover=1.20 long=1% short=0% flat=99%
    effects: floor_effect=93.2%/+0.027/pnl=+0.0162 adapter_effect=6.8%/0.025/pnl=-0.0015 adv_gate_effect=58.4%/0.047/pnl=+0.0182
    adapter_detail: fire=6.8% mean_delta=+0.0249 positive=99.8% long_state=6.8% fire_pnl=+0.0554 nonfire_pnl=+0.5942
  PnL attr: long=+0.6508  short=+0.0000  cost=0.0012  net=+0.6496
  Test dist: long=1% short=0% flat=99% mean=+0.002 switches=24 avg_hold=367.0b turnover=1.20

============================================================
Fold 6: train 2019-07-16 → 2021-07-16 | test 2021-10-16 → 2022-01-16
============================================================

[02:00:22] [Step 1] Hindsight Oracle DP...
  Oracle computed: 70001 steps, mean value=52.1132
  Oracle objective: excess_bh (benchmark=+1.00)
  Oracle dist: long=50% short=50% flat=0% mean=-0.376 switches=1071 avg_hold=65.4b turnover=1338.75
  Signal teacher: horizons=(4, 16, 64) floor=+0.00 scale=1.20
  Transition route labels: neutral=53% de_risk=30% recovery=2% overweight=15% active=47.4% mean_adv=0.001874 top_decile_adv=0.010318
  Transition relabel: short=28% bench=48% ow=23% mean_adv=0.001980 recovery_rate=48.4%
  Oracle aim dist: long=26% short=33% flat=41% mean=-0.036 switches=22310 avg_hold=3.1b turnover=2121.75
[Regime] Feature-stress tri regime built, regime_dim=3

[02:00:25] [Step 2] World Model - loading checkpoint: checkpoints/acplan13_wm_control_headonly_s011\fold_6\world_model.pt
[WM] Checkpoint loaded: checkpoints/acplan13_wm_control_headonly_s011\fold_6\world_model.pt (step=2300)
[02:00:35] [PredictiveState] enabled: dim=25 heads=return,vol,drawdown,overweight_advantage,recovery standardize=True scale=0.25

[02:00:35] [Step 3] BC - loading checkpoint: checkpoints/acplan13_wm_control_headonly_s011\fold_6\bc_actor.pt
[AC] Actor optimizer state skipped while loading checkpoints/acplan13_wm_control_headonly_s011\fold_6\ac.pt: loaded state dict contains a parameter group that doesn't match the size of optimizer's group

[02:00:35] [Step 4] AC - loaded checkpoint for downstream test
  [ValAdj] scale=0.500 adv=0.00 alpha=-6.45pt sharpeΔ=-0.011 maxddΔ=-0.01pt barwin=10.4% periodwin=0.0% score=-539.412 long=0% short=0% flat=100% turnover=1.56 M2=miss reject=win<35%
  [ValAdj] selected scale=0.500 adv=0.00 (default=scale=1.000 adv=0.00) alpha=-6.45pt sharpeΔ=-0.011 maxddΔ=-0.01pt barwin=10.4% periodwin=0.0% score=-539.412 long=0% short=0% flat=100% turnover=1.56 M2=miss reject=win<35%

[02:01:21] [Step 5] Test Backtest...
  Route dist: neutral=98% de_risk=2% overweight=0% active=1.8% conf=0.534
  Recovery gate: mean=0.243 active=0.0%
  Sharpe:   -2.099
  Sortino:  -2.846
  MaxDD:    -0.419
  Calmar:   -2.787
  TotalRet: -0.2941
  AlphaEx:  +0.02 pt/yr
  SharpeΔ:  +0.005
  MaxDDΔ:   -0.07 pt
  WinRate:  10.3%
  PeriodWin:25.0%
  Capture:  up=1.002 down=1.002 under_streak=104
  Score:    M2=MISS stretch=miss alpha=+0.02pt sharpeΔ=+0.005 maxddΔ=-0.07pt barwin=10.3% periodwin=25.0% guard=pass
  Component attribution:
    neither: alpha=+1.09pt sharpeD=-0.004 maxddD=-1.05pt turnover=1.87 long=0% short=0% flat=100%
    adapter_only: alpha=+0.52pt sharpeD=-0.021 maxddD=-0.97pt turnover=3.66 long=0% short=0% flat=100%
    floor_only: alpha=-0.01pt sharpeD=-0.001 maxddD=+0.00pt turnover=0.28 long=0% short=0% flat=100%
    gate_off: alpha=-1.86pt sharpeD=-0.019 maxddD=+1.56pt turnover=5.79 long=3% short=0% flat=97%
    current: alpha=+0.02pt sharpeD=+0.005 maxddD=-0.07pt turnover=1.62 long=0% short=0% flat=100%
    effects: floor_effect=100.0%/+0.025/pnl=-0.0049 adapter_effect=10.2%/0.015/pnl=+0.0003 adv_gate_effect=99.9%/0.044/pnl=+0.0194
    adapter_detail: fire=10.2% mean_delta=+0.0153 positive=97.6% long_state=22.6% fire_pnl=-0.0101 nonfire_pnl=-0.3382
  PnL attr: long=-0.3469  short=+0.0000  cost=0.0014  net=-0.3484
  Test dist: long=0% short=0% flat=100% mean=+0.002 switches=32 avg_hold=276.0b turnover=1.62

[Eval] Overfitting Diagnostics (simplified)...
  PBO (simplified): 0.3333 (< 0.5 is better)
  Sharpe t-stat (DSR, n_trials=1): 124.1005 (> 0 is better)

[Eval] Regime Analysis...
============================================================
Regime-based Backtest Report
============================================================

Regime Statistics (returns):
 regime      mean      std    sharpe
      0 -0.000066 0.009904 -0.006696
      1 -0.000038 0.002846 -0.013311
      2  0.000029 0.003119  0.009405

Backtest Metrics by Regime:

  Regime 0 (12.0% of bars, 3163 bars):
    Sharpe:    -1.746
    Sortino:   -2.629
    MaxDD:     -0.590
    Calmar:    -4.924
    TotalRet:  -0.2625

  Regime 1 (44.0% of bars, 11602 bars):
    Sharpe:    -3.013
    Sortino:   -4.747
    MaxDD:     -0.449
    Calmar:    -2.661
    TotalRet:  -0.3958

  Regime 2 (44.0% of bars, 11584 bars):
    Sharpe:    2.421
    Sortino:   3.877
    MaxDD:     -0.158
    Calmar:    11.191
    TotalRet:  0.5840

============================================================
Summary
============================================================
  Fold 4: Sharpe=-2.355, MaxDD=-0.532, Calmar=-3.598, TotalRet=-0.4762 | M2=MISS stretch=miss alpha=+0.13pt sharpeΔ=+0.029 maxddΔ=+0.04pt barwin=9.4% periodwin=66.7% guard=pass
  Fold 5: Sharpe=3.774, MaxDD=-0.239, Calmar=15.196, TotalRet=0.9147 | M2=MISS stretch=miss alpha=-8.06pt sharpeΔ=-0.026 maxddΔ=+0.36pt barwin=3.3% periodwin=75.0% guard=pass
  Fold 6: Sharpe=-2.099, MaxDD=-0.419, Calmar=-2.787, TotalRet=-0.2941 | M2=MISS stretch=miss alpha=+0.02pt sharpeΔ=+0.005 maxddΔ=-0.07pt barwin=10.3% periodwin=25.0% guard=pass
  Mean Sharpe: -0.227
  Aggregate M2: M2=MISS stretch=miss alpha=-2.64pt sharpeΔ=+0.002 maxddΔ=+0.11pt barwin=7.7% periodwin=55.6% guard=pass
  PBO (simplified): 0.3333 | Sharpe t-stat: 124.1005
