UniDream Training | BTCUSDT 15m | 2018-01-01 → 2024-01-01
Device: cuda | Seed: 11 | Resume: True
Stages: test -> test
Costs: profile=default | spread=3.00bps fee=3.00bps slip=1.00bps => one-way Δpos=1 cost=5.50bps

[Data] Loading cached features...
  Cached: (208305, 17) | obs_dim=17
[Data] WFO splits...
  14 folds
  Running selected folds only: [4, 5, 6]

============================================================
Fold 4: train 2019-01-16 → 2021-01-16 | test 2021-04-16 → 2021-07-16
============================================================

[00:35:49] [Step 1] Hindsight Oracle DP...
  Oracle computed: 69973 steps, mean value=39.6874
  Oracle objective: excess_bh (benchmark=+1.00)
  Oracle dist: long=50% short=50% flat=0% mean=-0.374 switches=1071 avg_hold=65.3b turnover=1338.75
  Signal teacher: horizons=(4, 16, 64) floor=+0.00 scale=1.20
  Transition route labels: neutral=57% de_risk=28% recovery=2% overweight=13% active=42.9% mean_adv=0.001550 top_decile_adv=0.009145
  Transition relabel: short=26% bench=52% ow=22% mean_adv=0.001652 recovery_rate=50.3%
  Oracle aim dist: long=24% short=30% flat=46% mean=-0.029 switches=21458 avg_hold=3.3b turnover=2024.68
[Regime] Feature-stress tri regime built, regime_dim=3

[00:35:54] [Step 2] World Model - loading checkpoint: checkpoints/acplan13_wm_control_headonly_s011\fold_4\world_model.pt
[WM] Checkpoint loaded: checkpoints/acplan13_wm_control_headonly_s011\fold_4\world_model.pt (step=2300)
[00:36:03] [PredictiveState] enabled: dim=25 heads=return,vol,drawdown,overweight_advantage,recovery standardize=True scale=0.25

[00:36:03] [Step 3] BC - loading checkpoint: checkpoints/acplan13_wm_control_headonly_s011\fold_4\bc_actor.pt
[AC] Actor optimizer state skipped while loading checkpoints/acplan13_wm_control_headonly_s011\fold_4\ac.pt: loaded state dict contains a parameter group that doesn't match the size of optimizer's group

[00:36:03] [Step 4] AC - loaded checkpoint for downstream test
  [ValAdj] scale=0.500 adv=0.00 alpha=+13.78pt sharpeΔ=+0.006 maxddΔ=-0.26pt barwin=9.8% periodwin=100.0% score=19.284 long=2% short=0% flat=98% turnover=3.52 M2=miss
  [ValAdj] selected scale=0.500 adv=0.00 (default=scale=1.000 adv=0.00) alpha=+13.78pt sharpeΔ=+0.006 maxddΔ=-0.26pt barwin=9.8% periodwin=100.0% score=19.284 long=2% short=0% flat=98% turnover=3.52 M2=miss

[00:36:48] [Step 5] Test Backtest...
  Route dist: neutral=100% de_risk=0% overweight=0% active=0.3% conf=0.583
  Recovery gate: mean=0.222 active=0.0%
  Sharpe:   -2.364
  Sortino:  -3.110
  MaxDD:    -0.535
  Calmar:   -3.590
  TotalRet: -0.4773
  AlphaEx:  +0.07 pt/yr
  SharpeΔ:  +0.020
  MaxDDΔ:   +0.29 pt
  WinRate:  9.5%
  PeriodWin:66.7%
  Capture:  up=1.004 down=1.004 under_streak=350
  Score:    M2=MISS stretch=miss alpha=+0.07pt sharpeΔ=+0.020 maxddΔ=+0.29pt barwin=9.5% periodwin=66.7% guard=pass
  Component attribution:
    neither: alpha=+0.34pt sharpeD=+0.001 maxddD=-0.61pt turnover=0.88 long=0% short=0% flat=100%
    adapter_only: alpha=+0.40pt sharpeD=+0.042 maxddD=-0.12pt turnover=6.38 long=2% short=0% flat=98%
    floor_only: alpha=+0.00pt sharpeD=+0.000 maxddD=-0.00pt turnover=0.10 long=0% short=0% flat=100%
    gate_off: alpha=-0.64pt sharpeD=-0.080 maxddD=+0.77pt turnover=32.79 long=3% short=0% flat=97%
    current: alpha=+0.07pt sharpeD=+0.020 maxddD=+0.29pt turnover=5.01 long=2% short=0% flat=98%
    effects: floor_effect=90.1%/+0.014/pnl=-0.0110 adapter_effect=12.9%/0.025/pnl=+0.0029 adv_gate_effect=22.8%/0.022/pnl=+0.0189
    adapter_detail: fire=12.9% mean_delta=+0.0246 positive=94.7% long_state=20.3% fire_pnl=+0.0912 nonfire_pnl=-0.7398
  PnL attr: long=-0.6454  short=+0.0000  cost=0.0033  net=-0.6487
  Test dist: long=2% short=0% flat=98% mean=+0.003 switches=100 avg_hold=87.1b turnover=5.01

============================================================
Fold 5: train 2019-04-16 → 2021-04-16 | test 2021-07-16 → 2021-10-16
============================================================

[00:41:44] [Step 1] Hindsight Oracle DP...
  Oracle computed: 69982 steps, mean value=45.3379
  Oracle objective: excess_bh (benchmark=+1.00)
  Oracle dist: long=50% short=50% flat=0% mean=-0.374 switches=1071 avg_hold=65.3b turnover=1338.75
  Signal teacher: horizons=(4, 16, 64) floor=+0.00 scale=1.20
  Transition route labels: neutral=54% de_risk=29% recovery=2% overweight=15% active=46.1% mean_adv=0.001761 top_decile_adv=0.009860
  Transition relabel: short=27% bench=49% ow=24% mean_adv=0.001870 recovery_rate=49.1%
  Oracle aim dist: long=26% short=31% flat=42% mean=-0.029 switches=22236 avg_hold=3.1b turnover=2110.60
[Regime] Feature-stress tri regime built, regime_dim=3

[00:41:48] [Step 2] World Model - loading checkpoint: checkpoints/acplan13_wm_control_headonly_s011\fold_5\world_model.pt
[WM] Checkpoint loaded: checkpoints/acplan13_wm_control_headonly_s011\fold_5\world_model.pt (step=2300)
[00:41:57] [PredictiveState] enabled: dim=25 heads=return,vol,drawdown,overweight_advantage,recovery standardize=True scale=0.25

[00:41:57] [Step 3] BC - loading checkpoint: checkpoints/acplan13_wm_control_headonly_s011\fold_5\bc_actor.pt
[AC] Actor optimizer state skipped while loading checkpoints/acplan13_wm_control_headonly_s011\fold_5\ac.pt: loaded state dict contains a parameter group that doesn't match the size of optimizer's group

[00:41:57] [Step 4] AC - loaded checkpoint for downstream test
  [ValAdj] scale=0.500 adv=0.00 alpha=-0.02pt sharpeΔ=+0.035 maxddΔ=+0.24pt barwin=9.8% periodwin=66.7% score=-35.171 long=2% short=0% flat=98% turnover=3.85 M2=miss
  [ValAdj] selected scale=0.500 adv=0.00 (default=scale=1.000 adv=0.00) alpha=-0.02pt sharpeΔ=+0.035 maxddΔ=+0.24pt barwin=9.8% periodwin=66.7% score=-35.171 long=2% short=0% flat=98% turnover=3.85 M2=miss

[00:42:43] [Step 5] Test Backtest...
  Route dist: neutral=99% de_risk=1% overweight=0% active=1.3% conf=0.532
  Recovery gate: mean=0.221 active=0.1%
  Sharpe:   3.771
  Sortino:  5.193
  MaxDD:    -0.241
  Calmar:   15.135
  TotalRet: 0.9164
  AlphaEx:  -3.38 pt/yr
  SharpeΔ:  -0.028
  MaxDDΔ:   +0.50 pt
  WinRate:  6.8%
  PeriodWin:75.0%
  Capture:  up=1.004 down=1.005 under_streak=1123
  Score:    M2=MISS stretch=miss alpha=-3.38pt sharpeΔ=-0.028 maxddΔ=+0.50pt barwin=6.8% periodwin=75.0% guard=pass
  Component attribution:
    neither: alpha=-101.13pt sharpeD=-0.005 maxddD=-0.57pt turnover=0.73 long=0% short=0% flat=100%
    adapter_only: alpha=-60.11pt sharpeD=-0.020 maxddD=+0.31pt turnover=3.90 long=1% short=0% flat=99%
    floor_only: alpha=+0.00pt sharpeD=+0.000 maxddD=+0.00pt turnover=0.00 long=0% short=0% flat=100%
    gate_off: alpha=-272.60pt sharpeD=-0.428 maxddD=+1.68pt turnover=146.43 long=3% short=0% flat=97%
    current: alpha=-3.38pt sharpeD=-0.028 maxddD=+0.50pt turnover=2.47 long=1% short=0% flat=99%
    effects: floor_effect=86.3%/+0.025/pnl=+0.0107 adapter_effect=13.6%/0.023/pnl=-0.0006 adv_gate_effect=61.3%/0.044/pnl=+0.0220
    adapter_detail: fire=13.6% mean_delta=+0.0234 positive=99.9% long_state=13.6% fire_pnl=+0.2003 nonfire_pnl=+0.4502
  PnL attr: long=+0.6524  short=+0.0000  cost=0.0019  net=+0.6505
  Test dist: long=1% short=0% flat=99% mean=+0.003 switches=49 avg_hold=179.7b turnover=2.47

============================================================
Fold 6: train 2019-07-16 → 2021-07-16 | test 2021-10-16 → 2022-01-16
============================================================

[00:47:42] [Step 1] Hindsight Oracle DP...
  Oracle computed: 70001 steps, mean value=52.1132
  Oracle objective: excess_bh (benchmark=+1.00)
  Oracle dist: long=50% short=50% flat=0% mean=-0.376 switches=1071 avg_hold=65.4b turnover=1338.75
  Signal teacher: horizons=(4, 16, 64) floor=+0.00 scale=1.20
  Transition route labels: neutral=53% de_risk=30% recovery=2% overweight=15% active=47.4% mean_adv=0.001874 top_decile_adv=0.010318
  Transition relabel: short=28% bench=48% ow=23% mean_adv=0.001980 recovery_rate=48.4%
  Oracle aim dist: long=26% short=33% flat=41% mean=-0.036 switches=22310 avg_hold=3.1b turnover=2121.75
[Regime] Feature-stress tri regime built, regime_dim=3

[00:47:45] [Step 2] World Model - loading checkpoint: checkpoints/acplan13_wm_control_headonly_s011\fold_6\world_model.pt
[WM] Checkpoint loaded: checkpoints/acplan13_wm_control_headonly_s011\fold_6\world_model.pt (step=2300)
[00:47:55] [PredictiveState] enabled: dim=25 heads=return,vol,drawdown,overweight_advantage,recovery standardize=True scale=0.25

[00:47:55] [Step 3] BC - loading checkpoint: checkpoints/acplan13_wm_control_headonly_s011\fold_6\bc_actor.pt
[AC] Actor optimizer state skipped while loading checkpoints/acplan13_wm_control_headonly_s011\fold_6\ac.pt: loaded state dict contains a parameter group that doesn't match the size of optimizer's group

[00:47:55] [Step 4] AC - loaded checkpoint for downstream test
  [ValAdj] scale=0.500 adv=0.00 alpha=-18.23pt sharpeΔ=-0.034 maxddΔ=+0.11pt barwin=17.3% periodwin=0.0% score=-570.089 long=0% short=0% flat=100% turnover=3.82 M2=miss reject=win<35%
  [ValAdj] selected scale=0.500 adv=0.00 (default=scale=1.000 adv=0.00) alpha=-18.23pt sharpeΔ=-0.034 maxddΔ=+0.11pt barwin=17.3% periodwin=0.0% score=-570.089 long=0% short=0% flat=100% turnover=3.82 M2=miss reject=win<35%

[00:48:41] [Step 5] Test Backtest...
  Route dist: neutral=98% de_risk=2% overweight=0% active=1.8% conf=0.534
  Recovery gate: mean=0.243 active=0.0%
  Sharpe:   -2.090
  Sortino:  -2.836
  MaxDD:    -0.418
  Calmar:   -2.789
  TotalRet: -0.2939
  AlphaEx:  +0.05 pt/yr
  SharpeΔ:  +0.013
  MaxDDΔ:   -0.13 pt
  WinRate:  15.8%
  PeriodWin:25.0%
  Capture:  up=1.004 down=1.004 under_streak=104
  Score:    M2=MISS stretch=miss alpha=+0.05pt sharpeΔ=+0.013 maxddΔ=-0.13pt barwin=15.8% periodwin=25.0% guard=pass
  Component attribution:
    neither: alpha=+1.09pt sharpeD=-0.004 maxddD=-1.05pt turnover=1.87 long=0% short=0% flat=100%
    adapter_only: alpha=+0.82pt sharpeD=+0.018 maxddD=-1.09pt turnover=5.65 long=0% short=0% flat=100%
    floor_only: alpha=-0.01pt sharpeD=-0.001 maxddD=+0.00pt turnover=0.28 long=0% short=0% flat=100%
    gate_off: alpha=-1.86pt sharpeD=-0.019 maxddD=+1.56pt turnover=5.79 long=3% short=0% flat=97%
    current: alpha=+0.05pt sharpeD=+0.013 maxddD=-0.13pt turnover=3.48 long=0% short=0% flat=100%
    effects: floor_effect=97.9%/+0.019/pnl=-0.0076 adapter_effect=23.4%/0.017/pnl=+0.0006 adv_gate_effect=99.9%/0.042/pnl=+0.0197
    adapter_detail: fire=23.4% mean_delta=+0.0165 positive=97.9% long_state=33.6% fire_pnl=+0.0480 nonfire_pnl=-0.3960
  PnL attr: long=-0.3456  short=+0.0000  cost=0.0025  net=-0.3480
  Test dist: long=0% short=0% flat=100% mean=+0.004 switches=70 avg_hold=126.2b turnover=3.48

[Eval] Overfitting Diagnostics (simplified)...
  PBO (simplified): 0.3333 (< 0.5 is better)
  Sharpe t-stat (DSR, n_trials=1): 124.0917 (> 0 is better)

[Eval] Regime Analysis...
============================================================
Regime-based Backtest Report
============================================================

Regime Statistics (returns):
 regime      mean      std    sharpe
      0 -0.000066 0.009904 -0.006696
      1 -0.000038 0.002846 -0.013311
      2  0.000029 0.003119  0.009405

Backtest Metrics by Regime:

  Regime 0 (12.0% of bars, 3163 bars):
    Sharpe:    -1.742
    Sortino:   -2.627
    MaxDD:     -0.591
    Calmar:    -4.909
    TotalRet:  -0.2620

  Regime 1 (44.0% of bars, 11602 bars):
    Sharpe:    -3.024
    Sortino:   -4.762
    MaxDD:     -0.450
    Calmar:    -2.664
    TotalRet:  -0.3974

  Regime 2 (44.0% of bars, 11584 bars):
    Sharpe:    2.411
    Sortino:   3.861
    MaxDD:     -0.159
    Calmar:    11.106
    TotalRet:  0.5821

============================================================
Summary
============================================================
  Fold 4: Sharpe=-2.364, MaxDD=-0.535, Calmar=-3.590, TotalRet=-0.4773 | M2=MISS stretch=miss alpha=+0.07pt sharpeΔ=+0.020 maxddΔ=+0.29pt barwin=9.5% periodwin=66.7% guard=pass
  Fold 5: Sharpe=3.771, MaxDD=-0.241, Calmar=15.135, TotalRet=0.9164 | M2=MISS stretch=miss alpha=-3.38pt sharpeΔ=-0.028 maxddΔ=+0.50pt barwin=6.8% periodwin=75.0% guard=pass
  Fold 6: Sharpe=-2.090, MaxDD=-0.418, Calmar=-2.789, TotalRet=-0.2939 | M2=MISS stretch=miss alpha=+0.05pt sharpeΔ=+0.013 maxddΔ=-0.13pt barwin=15.8% periodwin=25.0% guard=pass
  Mean Sharpe: -0.228
  Aggregate M2: M2=MISS stretch=miss alpha=-1.08pt sharpeΔ=+0.001 maxddΔ=+0.22pt barwin=10.7% periodwin=55.6% guard=pass
  PBO (simplified): 0.3333 | Sharpe t-stat: 124.0917
