UniDream Training | BTCUSDT 15m | 2018-01-01 → 2024-01-01
Device: cuda | Seed: 11 | Resume: True
Stages: test -> test
Costs: profile=default | spread=3.00bps fee=3.00bps slip=1.00bps => one-way Δpos=1 cost=5.50bps

[Data] Loading cached features...
  Cached: (208305, 17) | obs_dim=17
[Data] WFO splits...
  14 folds
  Running selected folds only: [4, 5, 6]

============================================================
Fold 4: train 2019-01-16 → 2021-01-16 | test 2021-04-16 → 2021-07-16
============================================================

[00:53:51] [Step 1] Hindsight Oracle DP...
  Oracle computed: 69973 steps, mean value=39.6874
  Oracle objective: excess_bh (benchmark=+1.00)
  Oracle dist: long=50% short=50% flat=0% mean=-0.374 switches=1071 avg_hold=65.3b turnover=1338.75
  Signal teacher: horizons=(4, 16, 64) floor=+0.00 scale=1.20
  Transition route labels: neutral=57% de_risk=28% recovery=2% overweight=13% active=42.9% mean_adv=0.001550 top_decile_adv=0.009145
  Transition relabel: short=26% bench=52% ow=22% mean_adv=0.001652 recovery_rate=50.3%
  Oracle aim dist: long=24% short=30% flat=46% mean=-0.029 switches=21458 avg_hold=3.3b turnover=2024.68
[Regime] Feature-stress tri regime built, regime_dim=3

[00:53:56] [Step 2] World Model - loading checkpoint: checkpoints/acplan13_wm_control_headonly_s011\fold_4\world_model.pt
[WM] Checkpoint loaded: checkpoints/acplan13_wm_control_headonly_s011\fold_4\world_model.pt (step=2300)
[00:54:06] [PredictiveState] enabled: dim=25 heads=return,vol,drawdown,overweight_advantage,recovery standardize=True scale=0.25

[00:54:06] [Step 3] BC - loading checkpoint: checkpoints/acplan13_wm_control_headonly_s011\fold_4\bc_actor.pt
[AC] Actor optimizer state skipped while loading checkpoints/acplan13_wm_control_headonly_s011\fold_4\ac.pt: loaded state dict contains a parameter group that doesn't match the size of optimizer's group

[00:54:06] [Step 4] AC - loaded checkpoint for downstream test
  [ValAdj] scale=0.500 adv=0.00 alpha=+1.65pt sharpeΔ=-0.010 maxddΔ=-0.14pt barwin=9.5% periodwin=66.7% score=-13.441 long=1% short=0% flat=99% turnover=2.39 M2=miss
  [ValAdj] selected scale=0.500 adv=0.00 (default=scale=1.000 adv=0.00) alpha=+1.65pt sharpeΔ=-0.010 maxddΔ=-0.14pt barwin=9.5% periodwin=66.7% score=-13.441 long=1% short=0% flat=99% turnover=2.39 M2=miss

[00:54:51] [Step 5] Test Backtest...
  Route dist: neutral=100% de_risk=0% overweight=0% active=0.3% conf=0.583
  Recovery gate: mean=0.222 active=0.0%
  Sharpe:   -2.344
  Sortino:  -3.081
  MaxDD:    -0.532
  Calmar:   -3.593
  TotalRet: -0.4752
  AlphaEx:  +0.19 pt/yr
  SharpeΔ:  +0.040
  MaxDDΔ:   +0.02 pt
  WinRate:  11.6%
  PeriodWin:100.0%
  Capture:  up=1.006 down=1.005 under_streak=350
  Score:    M2=MISS stretch=miss alpha=+0.19pt sharpeΔ=+0.040 maxddΔ=+0.02pt barwin=11.6% periodwin=100.0% guard=pass
  Component attribution:
    neither: alpha=+0.34pt sharpeD=+0.001 maxddD=-0.61pt turnover=0.88 long=0% short=0% flat=100%
    adapter_only: alpha=+0.53pt sharpeD=+0.063 maxddD=-0.43pt turnover=5.05 long=2% short=0% flat=98%
    floor_only: alpha=+0.00pt sharpeD=+0.000 maxddD=-0.00pt turnover=0.10 long=0% short=0% flat=100%
    gate_off: alpha=-2.02pt sharpeD=-0.269 maxddD=+2.86pt turnover=116.68 long=3% short=0% flat=97%
    current: alpha=+0.19pt sharpeD=+0.040 maxddD=+0.02pt turnover=3.72 long=2% short=0% flat=98%
    effects: floor_effect=86.6%/+0.014/pnl=-0.0111 adapter_effect=17.9%/0.022/pnl=+0.0066 adv_gate_effect=35.2%/0.034/pnl=+0.0635
    adapter_detail: fire=17.9% mean_delta=+0.0220 positive=98.1% long_state=24.2% fire_pnl=+0.2341 nonfire_pnl=-0.8788
  PnL attr: long=-0.6421  short=+0.0000  cost=0.0026  net=-0.6447
  Test dist: long=2% short=0% flat=98% mean=+0.004 switches=74 avg_hold=117.7b turnover=3.72

============================================================
Fold 5: train 2019-04-16 → 2021-04-16 | test 2021-07-16 → 2021-10-16
============================================================

[00:59:51] [Step 1] Hindsight Oracle DP...
  Oracle computed: 69982 steps, mean value=45.3379
  Oracle objective: excess_bh (benchmark=+1.00)
  Oracle dist: long=50% short=50% flat=0% mean=-0.374 switches=1071 avg_hold=65.3b turnover=1338.75
  Signal teacher: horizons=(4, 16, 64) floor=+0.00 scale=1.20
  Transition route labels: neutral=54% de_risk=29% recovery=2% overweight=15% active=46.1% mean_adv=0.001761 top_decile_adv=0.009860
  Transition relabel: short=27% bench=49% ow=24% mean_adv=0.001870 recovery_rate=49.1%
  Oracle aim dist: long=26% short=31% flat=42% mean=-0.029 switches=22236 avg_hold=3.1b turnover=2110.60
[Regime] Feature-stress tri regime built, regime_dim=3

[00:59:55] [Step 2] World Model - loading checkpoint: checkpoints/acplan13_wm_control_headonly_s011\fold_5\world_model.pt
[WM] Checkpoint loaded: checkpoints/acplan13_wm_control_headonly_s011\fold_5\world_model.pt (step=2300)
[01:00:04] [PredictiveState] enabled: dim=25 heads=return,vol,drawdown,overweight_advantage,recovery standardize=True scale=0.25

[01:00:04] [Step 3] BC - loading checkpoint: checkpoints/acplan13_wm_control_headonly_s011\fold_5\bc_actor.pt
[AC] Actor optimizer state skipped while loading checkpoints/acplan13_wm_control_headonly_s011\fold_5\ac.pt: loaded state dict contains a parameter group that doesn't match the size of optimizer's group

[01:00:05] [Step 4] AC - loaded checkpoint for downstream test
  [ValAdj] scale=0.500 adv=0.00 alpha=-0.03pt sharpeΔ=+0.026 maxddΔ=+0.19pt barwin=8.1% periodwin=66.7% score=-31.444 long=0% short=0% flat=100% turnover=2.62 M2=miss
  [ValAdj] selected scale=0.500 adv=0.00 (default=scale=1.000 adv=0.00) alpha=-0.03pt sharpeΔ=+0.026 maxddΔ=+0.19pt barwin=8.1% periodwin=66.7% score=-31.444 long=0% short=0% flat=100% turnover=2.62 M2=miss

[01:00:51] [Step 5] Test Backtest...
  Route dist: neutral=99% de_risk=1% overweight=0% active=1.2% conf=0.532
  Recovery gate: mean=0.220 active=0.1%
  Sharpe:   3.781
  Sortino:  5.211
  MaxDD:    -0.239
  Calmar:   15.268
  TotalRet: 0.9165
  AlphaEx:  -3.03 pt/yr
  SharpeΔ:  -0.019
  MaxDDΔ:   +0.29 pt
  WinRate:  4.6%
  PeriodWin:75.0%
  Capture:  up=1.003 down=1.003 under_streak=1322
  Score:    M2=MISS stretch=miss alpha=-3.03pt sharpeΔ=-0.019 maxddΔ=+0.29pt barwin=4.6% periodwin=75.0% guard=pass
  Component attribution:
    neither: alpha=-101.13pt sharpeD=-0.005 maxddD=-0.57pt turnover=0.73 long=0% short=0% flat=100%
    adapter_only: alpha=-59.58pt sharpeD=-0.002 maxddD=+0.02pt turnover=2.81 long=0% short=0% flat=100%
    floor_only: alpha=+0.00pt sharpeD=+0.000 maxddD=+0.00pt turnover=0.00 long=0% short=0% flat=100%
    gate_off: alpha=+146.85pt sharpeD=-0.007 maxddD=+0.89pt turnover=1.55 long=0% short=0% flat=100%
    current: alpha=-3.03pt sharpeD=-0.019 maxddD=+0.29pt turnover=1.51 long=0% short=0% flat=100%
    effects: floor_effect=90.7%/+0.026/pnl=+0.0107 adapter_effect=9.2%/0.020/pnl=-0.0006 adv_gate_effect=99.9%/0.040/pnl=-0.0268
    adapter_detail: fire=9.2% mean_delta=+0.0202 positive=99.9% long_state=9.3% fire_pnl=+0.1578 nonfire_pnl=+0.4928
  PnL attr: long=+0.6519  short=+0.0000  cost=0.0014  net=+0.6505
  Test dist: long=0% short=0% flat=100% mean=+0.002 switches=30 avg_hold=293.6b turnover=1.51

============================================================
Fold 6: train 2019-07-16 → 2021-07-16 | test 2021-10-16 → 2022-01-16
============================================================

[01:05:54] [Step 1] Hindsight Oracle DP...
  Oracle computed: 70001 steps, mean value=52.1132
  Oracle objective: excess_bh (benchmark=+1.00)
  Oracle dist: long=50% short=50% flat=0% mean=-0.376 switches=1071 avg_hold=65.4b turnover=1338.75
  Signal teacher: horizons=(4, 16, 64) floor=+0.00 scale=1.20
  Transition route labels: neutral=53% de_risk=30% recovery=2% overweight=15% active=47.4% mean_adv=0.001874 top_decile_adv=0.010318
  Transition relabel: short=28% bench=48% ow=23% mean_adv=0.001980 recovery_rate=48.4%
  Oracle aim dist: long=26% short=33% flat=41% mean=-0.036 switches=22310 avg_hold=3.1b turnover=2121.75
[Regime] Feature-stress tri regime built, regime_dim=3

[01:05:58] [Step 2] World Model - loading checkpoint: checkpoints/acplan13_wm_control_headonly_s011\fold_6\world_model.pt
[WM] Checkpoint loaded: checkpoints/acplan13_wm_control_headonly_s011\fold_6\world_model.pt (step=2300)
[01:06:07] [PredictiveState] enabled: dim=25 heads=return,vol,drawdown,overweight_advantage,recovery standardize=True scale=0.25

[01:06:07] [Step 3] BC - loading checkpoint: checkpoints/acplan13_wm_control_headonly_s011\fold_6\bc_actor.pt
[AC] Actor optimizer state skipped while loading checkpoints/acplan13_wm_control_headonly_s011\fold_6\ac.pt: loaded state dict contains a parameter group that doesn't match the size of optimizer's group

[01:06:07] [Step 4] AC - loaded checkpoint for downstream test
  [ValAdj] scale=0.500 adv=0.00 alpha=-11.10pt sharpeΔ=-0.019 maxddΔ=+0.09pt barwin=12.1% periodwin=0.0% score=-549.994 long=0% short=0% flat=100% turnover=1.91 M2=miss reject=win<35%
  [ValAdj] selected scale=0.500 adv=0.00 (default=scale=1.000 adv=0.00) alpha=-11.10pt sharpeΔ=-0.019 maxddΔ=+0.09pt barwin=12.1% periodwin=0.0% score=-549.994 long=0% short=0% flat=100% turnover=1.91 M2=miss reject=win<35%

[01:06:54] [Step 5] Test Backtest...
  Route dist: neutral=98% de_risk=2% overweight=0% active=1.8% conf=0.534
  Recovery gate: mean=0.243 active=0.0%
  Sharpe:   -2.116
  Sortino:  -2.869
  MaxDD:    -0.420
  Calmar:   -2.801
  TotalRet: -0.2963
  AlphaEx:  -0.28 pt/yr
  SharpeΔ:  -0.013
  MaxDDΔ:   +0.02 pt
  WinRate:  12.8%
  PeriodWin:0.0%
  Capture:  up=1.002 down=1.002 under_streak=104
  Score:    M2=MISS stretch=miss alpha=-0.28pt sharpeΔ=-0.013 maxddΔ=+0.02pt barwin=12.8% periodwin=0.0% guard=pass
  Component attribution:
    neither: alpha=+1.09pt sharpeD=-0.004 maxddD=-1.05pt turnover=1.87 long=0% short=0% flat=100%
    adapter_only: alpha=+0.19pt sharpeD=-0.034 maxddD=-0.85pt turnover=4.36 long=0% short=0% flat=100%
    floor_only: alpha=-0.01pt sharpeD=-0.001 maxddD=+0.00pt turnover=0.28 long=0% short=0% flat=100%
    gate_off: alpha=-1.41pt sharpeD=-0.011 maxddD=+1.21pt turnover=3.41 long=0% short=0% flat=100%
    current: alpha=-0.28pt sharpeD=-0.013 maxddD=+0.02pt turnover=2.16 long=0% short=0% flat=100%
    effects: floor_effect=99.6%/+0.022/pnl=-0.0047 adapter_effect=15.8%/0.013/pnl=-0.0027 adv_gate_effect=100.0%/0.034/pnl=+0.0118
    adapter_detail: fire=15.8% mean_delta=+0.0126 positive=97.5% long_state=27.5% fire_pnl=-0.0793 nonfire_pnl=-0.2721
  PnL attr: long=-0.3496  short=+0.0000  cost=0.0017  net=-0.3513
  Test dist: long=0% short=0% flat=100% mean=+0.002 switches=43 avg_hold=205.4b turnover=2.16

[Eval] Overfitting Diagnostics (simplified)...
  PBO (simplified): 0.3333 (< 0.5 is better)
  Sharpe t-stat (DSR, n_trials=1): 124.1304 (> 0 is better)

[Eval] Regime Analysis...
============================================================
Regime-based Backtest Report
============================================================

Regime Statistics (returns):
 regime      mean      std    sharpe
      0 -0.000066 0.009904 -0.006696
      1 -0.000038 0.002846 -0.013311
      2  0.000029 0.003119  0.009405

Backtest Metrics by Regime:

  Regime 0 (12.0% of bars, 3163 bars):
    Sharpe:    -1.735
    Sortino:   -2.615
    MaxDD:     -0.590
    Calmar:    -4.907
    TotalRet:  -0.2614

  Regime 1 (44.0% of bars, 11602 bars):
    Sharpe:    -3.024
    Sortino:   -4.764
    MaxDD:     -0.450
    Calmar:    -2.663
    TotalRet:  -0.3971

  Regime 2 (44.0% of bars, 11584 bars):
    Sharpe:    2.419
    Sortino:   3.874
    MaxDD:     -0.159
    Calmar:    11.120
    TotalRet:  0.5838

============================================================
Summary
============================================================
  Fold 4: Sharpe=-2.344, MaxDD=-0.532, Calmar=-3.593, TotalRet=-0.4752 | M2=MISS stretch=miss alpha=+0.19pt sharpeΔ=+0.040 maxddΔ=+0.02pt barwin=11.6% periodwin=100.0% guard=pass
  Fold 5: Sharpe=3.781, MaxDD=-0.239, Calmar=15.268, TotalRet=0.9165 | M2=MISS stretch=miss alpha=-3.03pt sharpeΔ=-0.019 maxddΔ=+0.29pt barwin=4.6% periodwin=75.0% guard=pass
  Fold 6: Sharpe=-2.116, MaxDD=-0.420, Calmar=-2.801, TotalRet=-0.2963 | M2=MISS stretch=miss alpha=-0.28pt sharpeΔ=-0.013 maxddΔ=+0.02pt barwin=12.8% periodwin=0.0% guard=pass
  Mean Sharpe: -0.226
  Aggregate M2: M2=MISS stretch=miss alpha=-1.04pt sharpeΔ=+0.003 maxddΔ=+0.11pt barwin=9.7% periodwin=58.3% guard=pass
  PBO (simplified): 0.3333 | Sharpe t-stat: 124.1304
