UniDream Training | BTCUSDT 15m | 2018-01-01 → 2024-01-01
Device: cuda | Seed: 11 | Resume: True
Stages: test -> test
Costs: profile=default | spread=3.00bps fee=3.00bps slip=1.00bps => one-way Δpos=1 cost=5.50bps

[Data] Loading cached features...
  Cached: (208305, 17) | obs_dim=17
[Data] WFO splits...
  14 folds
  Running selected folds only: [4, 5, 6]

============================================================
Fold 4: train 2019-01-16 → 2021-01-16 | test 2021-04-16 → 2021-07-16
============================================================

[00:17:25] [Step 1] Hindsight Oracle DP...
  Oracle computed: 69973 steps, mean value=39.6874
  Oracle objective: excess_bh (benchmark=+1.00)
  Oracle dist: long=50% short=50% flat=0% mean=-0.374 switches=1071 avg_hold=65.3b turnover=1338.75
  Signal teacher: horizons=(4, 16, 64) floor=+0.00 scale=1.20
  Transition route labels: neutral=57% de_risk=28% recovery=2% overweight=13% active=42.9% mean_adv=0.001550 top_decile_adv=0.009145
  Transition relabel: short=26% bench=52% ow=22% mean_adv=0.001652 recovery_rate=50.3%
  Oracle aim dist: long=24% short=30% flat=46% mean=-0.029 switches=21458 avg_hold=3.3b turnover=2024.68
[Regime] Feature-stress tri regime built, regime_dim=3

[00:17:30] [Step 2] World Model - loading checkpoint: checkpoints/acplan13_wm_control_headonly_s011\fold_4\world_model.pt
[WM] Checkpoint loaded: checkpoints/acplan13_wm_control_headonly_s011\fold_4\world_model.pt (step=2300)
[00:17:40] [PredictiveState] enabled: dim=25 heads=return,vol,drawdown,overweight_advantage,recovery standardize=True scale=0.25

[00:17:40] [Step 3] BC - loading checkpoint: checkpoints/acplan13_wm_control_headonly_s011\fold_4\bc_actor.pt
[AC] Actor optimizer state skipped while loading checkpoints/acplan13_wm_control_headonly_s011\fold_4\ac.pt: loaded state dict contains a parameter group that doesn't match the size of optimizer's group

[00:17:40] [Step 4] AC - loaded checkpoint for downstream test
  [ValAdj] scale=0.500 adv=0.00 alpha=+4.46pt sharpeΔ=-0.009 maxddΔ=-0.22pt barwin=11.0% periodwin=66.7% score=-9.510 long=1% short=0% flat=99% turnover=2.98 M2=miss
  [ValAdj] selected scale=0.500 adv=0.00 (default=scale=1.000 adv=0.00) alpha=+4.46pt sharpeΔ=-0.009 maxddΔ=-0.22pt barwin=11.0% periodwin=66.7% score=-9.510 long=1% short=0% flat=99% turnover=2.98 M2=miss

[00:18:27] [Step 5] Test Backtest...
  Route dist: neutral=100% de_risk=0% overweight=0% active=0.3% conf=0.583
  Recovery gate: mean=0.222 active=0.0%
  Sharpe:   -2.356
  Sortino:  -3.096
  MaxDD:    -0.534
  Calmar:   -3.593
  TotalRet: -0.4769
  AlphaEx:  +0.09 pt/yr
  SharpeΔ:  +0.028
  MaxDDΔ:   +0.20 pt
  WinRate:  12.5%
  PeriodWin:66.7%
  Capture:  up=1.006 down=1.006 under_streak=350
  Score:    M2=MISS stretch=miss alpha=+0.09pt sharpeΔ=+0.028 maxddΔ=+0.20pt barwin=12.5% periodwin=66.7% guard=pass
  Component attribution:
    neither: alpha=+0.34pt sharpeD=+0.001 maxddD=-0.61pt turnover=0.88 long=0% short=0% flat=100%
    adapter_only: alpha=+0.34pt sharpeD=+0.040 maxddD=-0.09pt turnover=5.55 long=2% short=0% flat=98%
    floor_only: alpha=+0.00pt sharpeD=+0.000 maxddD=-0.00pt turnover=0.10 long=0% short=0% flat=100%
    gate_off: alpha=-2.02pt sharpeD=-0.269 maxddD=+2.86pt turnover=116.68 long=3% short=0% flat=97%
    current: alpha=+0.09pt sharpeD=+0.028 maxddD=+0.20pt turnover=4.20 long=2% short=0% flat=98%
    effects: floor_effect=85.2%/+0.014/pnl=-0.0085 adapter_effect=20.0%/0.022/pnl=+0.0033 adv_gate_effect=36.9%/0.033/pnl=+0.0606
    adapter_detail: fire=20.0% mean_delta=+0.0218 positive=97.7% long_state=26.0% fire_pnl=+0.1494 nonfire_pnl=-0.7974
  PnL attr: long=-0.6451  short=+0.0000  cost=0.0029  net=-0.6479
  Test dist: long=2% short=0% flat=98% mean=+0.004 switches=84 avg_hold=103.7b turnover=4.20

============================================================
Fold 5: train 2019-04-16 → 2021-04-16 | test 2021-07-16 → 2021-10-16
============================================================

[00:23:39] [Step 1] Hindsight Oracle DP...
  Oracle computed: 69982 steps, mean value=45.3379
  Oracle objective: excess_bh (benchmark=+1.00)
  Oracle dist: long=50% short=50% flat=0% mean=-0.374 switches=1071 avg_hold=65.3b turnover=1338.75
  Signal teacher: horizons=(4, 16, 64) floor=+0.00 scale=1.20
  Transition route labels: neutral=54% de_risk=29% recovery=2% overweight=15% active=46.1% mean_adv=0.001761 top_decile_adv=0.009860
  Transition relabel: short=27% bench=49% ow=24% mean_adv=0.001870 recovery_rate=49.1%
  Oracle aim dist: long=26% short=31% flat=42% mean=-0.029 switches=22236 avg_hold=3.1b turnover=2110.60
[Regime] Feature-stress tri regime built, regime_dim=3

[00:23:43] [Step 2] World Model - loading checkpoint: checkpoints/acplan13_wm_control_headonly_s011\fold_5\world_model.pt
[WM] Checkpoint loaded: checkpoints/acplan13_wm_control_headonly_s011\fold_5\world_model.pt (step=2300)
[00:23:52] [PredictiveState] enabled: dim=25 heads=return,vol,drawdown,overweight_advantage,recovery standardize=True scale=0.25

[00:23:52] [Step 3] BC - loading checkpoint: checkpoints/acplan13_wm_control_headonly_s011\fold_5\bc_actor.pt
[AC] Actor optimizer state skipped while loading checkpoints/acplan13_wm_control_headonly_s011\fold_5\ac.pt: loaded state dict contains a parameter group that doesn't match the size of optimizer's group

[00:23:52] [Step 4] AC - loaded checkpoint for downstream test
  [ValAdj] scale=0.500 adv=0.00 alpha=-0.05pt sharpeΔ=+0.026 maxddΔ=+0.23pt barwin=9.3% periodwin=66.7% score=-32.709 long=0% short=0% flat=100% turnover=3.00 M2=miss
  [ValAdj] selected scale=0.500 adv=0.00 (default=scale=1.000 adv=0.00) alpha=-0.05pt sharpeΔ=+0.026 maxddΔ=+0.23pt barwin=9.3% periodwin=66.7% score=-32.709 long=0% short=0% flat=100% turnover=3.00 M2=miss

[00:24:38] [Step 5] Test Backtest...
  Route dist: neutral=99% de_risk=1% overweight=0% active=1.3% conf=0.532
  Recovery gate: mean=0.221 active=0.1%
  Sharpe:   3.776
  Sortino:  5.203
  MaxDD:    -0.240
  Calmar:   15.189
  TotalRet: 0.9160
  AlphaEx:  -4.61 pt/yr
  SharpeΔ:  -0.024
  MaxDDΔ:   +0.40 pt
  WinRate:  6.2%
  PeriodWin:75.0%
  Capture:  up=1.003 down=1.004 under_streak=1129
  Score:    M2=MISS stretch=miss alpha=-4.61pt sharpeΔ=-0.024 maxddΔ=+0.40pt barwin=6.2% periodwin=75.0% guard=pass
  Component attribution:
    neither: alpha=-101.13pt sharpeD=-0.005 maxddD=-0.57pt turnover=0.73 long=0% short=0% flat=100%
    adapter_only: alpha=-62.91pt sharpeD=-0.016 maxddD=+0.20pt turnover=3.47 long=0% short=0% flat=100%
    floor_only: alpha=+0.00pt sharpeD=+0.000 maxddD=+0.00pt turnover=0.00 long=0% short=0% flat=100%
    gate_off: alpha=+146.85pt sharpeD=-0.007 maxddD=+0.89pt turnover=1.55 long=0% short=0% flat=100%
    current: alpha=-4.61pt sharpeD=-0.024 maxddD=+0.40pt turnover=2.01 long=0% short=0% flat=100%
    effects: floor_effect=87.6%/+0.025/pnl=+0.0110 adapter_effect=12.3%/0.020/pnl=-0.0009 adv_gate_effect=99.9%/0.040/pnl=-0.0271
    adapter_detail: fire=12.3% mean_delta=+0.0197 positive=99.9% long_state=12.3% fire_pnl=+0.1806 nonfire_pnl=+0.4696
  PnL attr: long=+0.6519  short=+0.0000  cost=0.0017  net=+0.6502
  Test dist: long=0% short=0% flat=100% mean=+0.002 switches=40 avg_hold=220.2b turnover=2.01

============================================================
Fold 6: train 2019-07-16 → 2021-07-16 | test 2021-10-16 → 2022-01-16
============================================================

[00:29:39] [Step 1] Hindsight Oracle DP...
  Oracle computed: 70001 steps, mean value=52.1132
  Oracle objective: excess_bh (benchmark=+1.00)
  Oracle dist: long=50% short=50% flat=0% mean=-0.376 switches=1071 avg_hold=65.4b turnover=1338.75
  Signal teacher: horizons=(4, 16, 64) floor=+0.00 scale=1.20
  Transition route labels: neutral=53% de_risk=30% recovery=2% overweight=15% active=47.4% mean_adv=0.001874 top_decile_adv=0.010318
  Transition relabel: short=28% bench=48% ow=23% mean_adv=0.001980 recovery_rate=48.4%
  Oracle aim dist: long=26% short=33% flat=41% mean=-0.036 switches=22310 avg_hold=3.1b turnover=2121.75
[Regime] Feature-stress tri regime built, regime_dim=3

[00:29:42] [Step 2] World Model - loading checkpoint: checkpoints/acplan13_wm_control_headonly_s011\fold_6\world_model.pt
[WM] Checkpoint loaded: checkpoints/acplan13_wm_control_headonly_s011\fold_6\world_model.pt (step=2300)
[00:29:52] [PredictiveState] enabled: dim=25 heads=return,vol,drawdown,overweight_advantage,recovery standardize=True scale=0.25

[00:29:52] [Step 3] BC - loading checkpoint: checkpoints/acplan13_wm_control_headonly_s011\fold_6\bc_actor.pt
[AC] Actor optimizer state skipped while loading checkpoints/acplan13_wm_control_headonly_s011\fold_6\ac.pt: loaded state dict contains a parameter group that doesn't match the size of optimizer's group

[00:29:52] [Step 4] AC - loaded checkpoint for downstream test
  [ValAdj] scale=0.500 adv=0.00 alpha=-15.01pt sharpeΔ=-0.026 maxddΔ=+0.08pt barwin=15.8% periodwin=0.0% score=-560.977 long=0% short=0% flat=100% turnover=2.96 M2=miss reject=win<35%
  [ValAdj] selected scale=0.500 adv=0.00 (default=scale=1.000 adv=0.00) alpha=-15.01pt sharpeΔ=-0.026 maxddΔ=+0.08pt barwin=15.8% periodwin=0.0% score=-560.977 long=0% short=0% flat=100% turnover=2.96 M2=miss reject=win<35%

[00:30:38] [Step 5] Test Backtest...
  Route dist: neutral=98% de_risk=2% overweight=0% active=1.8% conf=0.534
  Recovery gate: mean=0.243 active=0.0%
  Sharpe:   -2.094
  Sortino:  -2.841
  MaxDD:    -0.418
  Calmar:   -2.788
  TotalRet: -0.2941
  AlphaEx:  +0.03 pt/yr
  SharpeΔ:  +0.009
  MaxDDΔ:   -0.10 pt
  WinRate:  14.8%
  PeriodWin:25.0%
  Capture:  up=1.003 down=1.003 under_streak=104
  Score:    M2=MISS stretch=miss alpha=+0.03pt sharpeΔ=+0.009 maxddΔ=-0.10pt barwin=14.8% periodwin=25.0% guard=pass
  Component attribution:
    neither: alpha=+1.09pt sharpeD=-0.004 maxddD=-1.05pt turnover=1.87 long=0% short=0% flat=100%
    adapter_only: alpha=+0.85pt sharpeD=+0.015 maxddD=-1.08pt turnover=4.97 long=0% short=0% flat=100%
    floor_only: alpha=-0.01pt sharpeD=-0.001 maxddD=+0.00pt turnover=0.28 long=0% short=0% flat=100%
    gate_off: alpha=-1.41pt sharpeD=-0.011 maxddD=+1.21pt turnover=3.41 long=0% short=0% flat=100%
    current: alpha=+0.03pt sharpeD=+0.009 maxddD=-0.10pt turnover=2.72 long=0% short=0% flat=100%
    effects: floor_effect=98.6%/+0.020/pnl=-0.0081 adapter_effect=20.9%/0.013/pnl=+0.0004 adv_gate_effect=100.0%/0.034/pnl=+0.0149
    adapter_detail: fire=20.9% mean_delta=+0.0128 positive=97.6% long_state=31.4% fire_pnl=+0.0597 nonfire_pnl=-0.4079
  PnL attr: long=-0.3462  short=+0.0000  cost=0.0020  net=-0.3482
  Test dist: long=0% short=0% flat=100% mean=+0.003 switches=54 avg_hold=163.6b turnover=2.72

[Eval] Overfitting Diagnostics (simplified)...
  PBO (simplified): 0.3333 (< 0.5 is better)
  Sharpe t-stat (DSR, n_trials=1): 124.1085 (> 0 is better)

[Eval] Regime Analysis...
============================================================
Regime-based Backtest Report
============================================================

Regime Statistics (returns):
 regime      mean      std    sharpe
      0 -0.000066 0.009904 -0.006696
      1 -0.000038 0.002846 -0.013311
      2  0.000029 0.003119  0.009405

Backtest Metrics by Regime:

  Regime 0 (12.0% of bars, 3163 bars):
    Sharpe:    -1.744
    Sortino:   -2.629
    MaxDD:     -0.591
    Calmar:    -4.922
    TotalRet:  -0.2627

  Regime 1 (44.0% of bars, 11602 bars):
    Sharpe:    -3.023
    Sortino:   -4.762
    MaxDD:     -0.450
    Calmar:    -2.663
    TotalRet:  -0.3972

  Regime 2 (44.0% of bars, 11584 bars):
    Sharpe:    2.421
    Sortino:   3.877
    MaxDD:     -0.159
    Calmar:    11.150
    TotalRet:  0.5847

============================================================
Summary
============================================================
  Fold 4: Sharpe=-2.356, MaxDD=-0.534, Calmar=-3.593, TotalRet=-0.4769 | M2=MISS stretch=miss alpha=+0.09pt sharpeΔ=+0.028 maxddΔ=+0.20pt barwin=12.5% periodwin=66.7% guard=pass
  Fold 5: Sharpe=3.776, MaxDD=-0.240, Calmar=15.189, TotalRet=0.9160 | M2=MISS stretch=miss alpha=-4.61pt sharpeΔ=-0.024 maxddΔ=+0.40pt barwin=6.2% periodwin=75.0% guard=pass
  Fold 6: Sharpe=-2.094, MaxDD=-0.418, Calmar=-2.788, TotalRet=-0.2941 | M2=MISS stretch=miss alpha=+0.03pt sharpeΔ=+0.009 maxddΔ=-0.10pt barwin=14.8% periodwin=25.0% guard=pass
  Mean Sharpe: -0.225
  Aggregate M2: M2=MISS stretch=miss alpha=-1.49pt sharpeΔ=+0.004 maxddΔ=+0.17pt barwin=11.2% periodwin=55.6% guard=pass
  PBO (simplified): 0.3333 | Sharpe t-stat: 124.1085
